13:46:18.078 [main                     ] DEBUG Logger               - Configured Logger
13:46:18.097 [main                     ] DEBUG GameApplication      - Logging settings
Title: Untitled
Version: 0.0
Width: 1280
Height: 720
Fullscreen: false
Intro: false
Profiling: false
Single step:false
App Mode: DEVELOPER
Menu Key: ESCAPE
Stage Style: DECORATED
Scene Factory: class com.almasb.fxgl.app.scene.SceneFactory

13:46:18.507 [JavaFX Application Thread] DEBUG FXGLApplication      - Initializing FXGL
13:46:18.510 [JavaFX Application Thread] INFO  Engine               - FXGL-21.1 (27.03.2024 07.52) on WINDOWS (J:21.0.7 FX:21.0.1)
13:46:18.510 [JavaFX Application Thread] DEBUG Engine               - JRE Vendor Name: Eclipse Adoptium
13:46:18.510 [JavaFX Application Thread] DEBUG Engine               - Running on OS: Windows 10 version 10.0
13:46:18.510 [JavaFX Application Thread] DEBUG Engine               - Architecture: amd64
13:46:18.510 [JavaFX Application Thread] INFO  Engine               - Source code and latest versions at: https://github.com/AlmasB/FXGL
13:46:18.511 [JavaFX Application Thread] INFO  Engine               -       Ask questions and discuss at: https://github.com/AlmasB/FXGL/discussions
13:46:18.511 [JavaFX Application Thread] INFO  Engine               -              Join the FXGL chat at: https://gitter.im/AlmasB/FXGL
13:46:18.571 [JavaFX Application Thread] DEBUG PrimaryStageWindow   - Creating a JavaFX scene
13:46:18.600 [JavaFX Application Thread] DEBUG PrimaryStageWindow   - Target settings size: 1280.0 x 720.0
13:46:18.600 [JavaFX Application Thread] DEBUG PrimaryStageWindow   - Scaled scene size:    1280.0 x 720.0
13:46:18.600 [JavaFX Application Thread] DEBUG PrimaryStageWindow   - Scaled ratio: (1.0, 1.0)
13:46:18.601 [JavaFX Application Thread] DEBUG PrimaryStageWindow   - Set initial scene to FXGLStartupScene
13:46:18.603 [JavaFX Application Thread] DEBUG PrimaryStageWindow   - Opening main window
13:46:18.670 [JavaFX Application Thread] DEBUG PrimaryStageWindow   - Window border size: (16.0, 39.0)
13:46:18.670 [JavaFX Application Thread] DEBUG PrimaryStageWindow   - Scaled size: 1280.0 x 720.0
13:46:18.670 [JavaFX Application Thread] DEBUG PrimaryStageWindow   - Scaled ratio: (1.0, 1.0)
13:46:18.670 [JavaFX Application Thread] DEBUG PrimaryStageWindow   - Scene size: 1280.0 x 720.0
13:46:18.670 [JavaFX Application Thread] DEBUG PrimaryStageWindow   - Stage size: 1296.0 x 759.0
13:46:18.676 [FXGL Background Thread 1 ] DEBUG Engine               - Initializing environment variables
13:46:18.724 [FXGL Background Thread 1 ] DEBUG FXGLAssetLoaderServi - User app class for loading assets: class Shapes
13:46:18.724 [FXGL Background Thread 1 ] DEBUG GameApplicationServi - Applying CSS: fxgl_dark.css
13:46:18.724 [FXGL Background Thread 1 ] DEBUG FXGLAssetLoaderServi - Loading from file system: jar:file:/C:/Users/narmstro/Development/RobotProjects/3DMiniProject/out/artifacts/3DMiniProject_jar/3DMiniProject.jar!/fxglassets/ui/css/fxgl_dark.css
13:46:18.751 [FXGL Background Thread 1 ] DEBUG GameApplicationServi - Initializing application scenes
13:46:18.775 [FXGL Background Thread 1 ] DEBUG GameWorld            - Game world initialized
13:46:18.813 [FXGL Background Thread 1 ] DEBUG PhysicsWorld         - Physics world initialized: appHeight=720, physics.ppm=50.0
13:46:18.813 [FXGL Background Thread 1 ] DEBUG PhysicsWorld         - Using strategy: BRUTE_FORCE
13:46:18.820 [FXGL Background Thread 1 ] DEBUG GameScene            - Game scene initialized: 1280x720
13:46:18.827 [FXGL Background Thread 1 ] DEBUG FXGL.DefaultMenu     - createMenuBodyGameMenu()
13:46:18.836 [FXGL Background Thread 1 ] DEBUG FXGL.DefaultMenu     - createOptionsMenu()
13:46:18.842 [FXGL Background Thread 1 ] DEBUG FXGLAssetLoaderServi - Loading from file system: jar:file:/C:/Users/narmstro/Development/RobotProjects/3DMiniProject/out/artifacts/3DMiniProject_jar/3DMiniProject.jar!/fxglassets/textures/particles/smoke.png
13:46:18.912 [FXGL Background Thread 1 ] DEBUG FXGLAssetLoaderServi - Loading from file system: jar:file:/C:/Users/narmstro/Development/RobotProjects/3DMiniProject/out/artifacts/3DMiniProject_jar/3DMiniProject.jar!/fxglassets/textures/particles/trace_horizontal.png
13:46:18.933 [FXGL Background Thread 1 ] DEBUG GameApplicationServi - Application scenes initialized
13:46:18.941 [FXGL Background Thread 1 ] DEBUG SystemBundleService  - Loading FXGL system data
13:46:18.944 [FXGL Background Thread 1 ] DEBUG FileSystemAccess     - Reading from: C:\Users\narmstro\Development\RobotProjects\3DMiniProject\out\artifacts\3DMiniProject_jar\system\fxgl.bundle
13:46:18.950 [FXGL Background Thread 1 ] DEBUG SystemBundleService  - Bundle FXGL: {}
13:46:18.950 [FXGL Background Thread 1 ] DEBUG UpdaterService       - Checking for updates
13:46:18.953 [FXGL Background Thread 4 ] DEBUG FXGLApplication      - Loading fonts
13:46:18.953 [FXGL Background Thread 4 ] DEBUG FXGLAssetLoaderServi - Loading from file system: jar:file:/C:/Users/narmstro/Development/RobotProjects/3DMiniProject/out/artifacts/3DMiniProject_jar/3DMiniProject.jar!/fxglassets/ui/fonts/VarelaRound-Regular.ttf
13:46:18.953 [FXGL Background Thread 1 ] DEBUG FXGLApplication      - Loading default localization
13:46:18.953 [FXGL Background Thread 1 ] DEBUG FXGLAssetLoaderServi - Loading from file system: jar:file:/C:/Users/narmstro/Development/RobotProjects/3DMiniProject/out/artifacts/3DMiniProject_jar/3DMiniProject.jar!/fxglassets/languages/english.lang
13:46:18.968 [FXGL Background Thread 1 ] INFO  FXGLApplication      - FXGL initialization took: 0.292 sec
13:46:18.969 [JavaFX Application Thread] DEBUG FXGLAssetLoaderServi - Loading from file system: jar:file:/C:/Users/narmstro/Development/RobotProjects/3DMiniProject/out/artifacts/3DMiniProject_jar/3DMiniProject.jar!/fxglassets/textures/fxgl_icon.png
13:46:18.986 [JavaFX Application Thread] DEBUG FXGLAssetLoaderServi - Loading from file system: jar:file:/C:/Users/narmstro/Development/RobotProjects/3DMiniProject/out/artifacts/3DMiniProject_jar/3DMiniProject.jar!/fxglassets/textures/fxgl_default_cursor.png
13:46:18.988 [FXGL Background Thread 4 ] DEBUG FXGLAssetLoaderServi - Loading from file system: jar:file:/C:/Users/narmstro/Development/RobotProjects/3DMiniProject/out/artifacts/3DMiniProject_jar/3DMiniProject.jar!/fxglassets/ui/fonts/Abel-Regular.ttf
13:46:18.992 [FXGL Background Thread 4 ] DEBUG FXGLAssetLoaderServi - Loading from file system: jar:file:/C:/Users/narmstro/Development/RobotProjects/3DMiniProject/out/artifacts/3DMiniProject_jar/3DMiniProject.jar!/fxglassets/ui/fonts/TerminalLandMono-Regular.otf
13:46:18.996 [JavaFX Application Thread] DEBUG Input                - Registered new binding: Screenshot - CTRL+8
13:46:18.996 [JavaFX Application Thread] DEBUG Input                - Registered new binding: System info dump - CTRL+9
13:46:18.997 [FXGL Background Thread 4 ] DEBUG FXGLAssetLoaderServi - Loading from file system: jar:file:/C:/Users/narmstro/Development/RobotProjects/3DMiniProject/out/artifacts/3DMiniProject_jar/3DMiniProject.jar!/fxglassets/ui/fonts/Courier-Prime.ttf
13:46:18.997 [JavaFX Application Thread] DEBUG Input                - Registered new binding: Restart - CTRL+R
13:46:18.997 [JavaFX Application Thread] DEBUG Input                - Registered new binding: Toggle Debug Camera - CTRL+7
13:46:18.999 [JavaFX Application Thread] DEBUG LoopRunner           - Starting loop
13:46:18.999 [JavaFX Application Thread] DEBUG LoopRunner           - Initializing JavaFX AnimationTimerLoop
13:46:19.001 [JavaFX Application Thread] DEBUG GameApplicationServi - Starting new game
13:46:19.001 [JavaFX Application Thread] DEBUG Input                - Clearing active input actions
13:46:19.008 [JavaFX Application Thread] DEBUG GameApplicationServi - Removing overlay from FXGLStartupScene and adding to FXGLLoadingScene
13:46:19.008 [JavaFX Application Thread] DEBUG PrimaryStageWindow   - FXGLStartupScene -> FXGLLoadingScene
13:46:19.008 [JavaFX Application Thread] DEBUG GameApplicationServi - Clearing previous game
13:46:19.009 [JavaFX Application Thread] DEBUG GameScene            - Clearing game scene
13:46:19.009 [JavaFX Application Thread] DEBUG GameWorld            - Clearing game world
13:46:19.009 [JavaFX Application Thread] DEBUG PhysicsWorld         - Clearing physics world
13:46:19.010 [JavaFX Application Thread] DEBUG FXGLApplication      - Registering font factories with UI factory
13:46:19.010 [FXGL Background Thread 4 ] DEBUG FXGLApplication      - Initializing game
13:46:19.011 [FXGL Background Thread 4 ] INFO  FXGLApplication      - Game initialization took: 0.001 sec
13:46:19.034 [JavaFX Application Thread] DEBUG Input                - Clearing active input actions
13:46:19.038 [JavaFX Application Thread] DEBUG GameApplicationServi - Removing overlay from FXGLLoadingScene and adding to GameScene
13:46:19.038 [JavaFX Application Thread] DEBUG PrimaryStageWindow   - FXGLLoadingScene -> GameScene
13:46:20.367 [JavaFX Application Thread] DEBUG FXGLApplication      - Exiting FXGL
13:46:20.367 [JavaFX Application Thread] DEBUG LoopRunner           - Stopping loop
13:46:20.367 [JavaFX Application Thread] DEBUG SystemBundleService  - Saving FXGL system data
13:46:20.371 [JavaFX Application Thread] DEBUG FileSystemAccess     - Writing to: C:\Users\narmstro\Development\RobotProjects\3DMiniProject\out\artifacts\3DMiniProject_jar\system\fxgl.bundle
13:46:20.374 [JavaFX Application Thread] DEBUG Async                - Shutting down background threads
13:46:20.374 [JavaFX Application Thread] DEBUG PrimaryStageWindow   - Closing main window
13:46:20.382 [JavaFX Application Thread] DEBUG Logger               - Closing Logger
