13:55:45.969 [main                     ] DEBUG Logger               - Configured Logger
13:55:45.987 [main                     ] DEBUG GameApplication      - Logging settings
Title: 3D Shapes
Version: 0.0
Width: 1280
Height: 720
Fullscreen: false
Intro: false
Profiling: false
Single step:false
App Mode: DEVELOPER
Menu Key: ESCAPE
Stage Style: DECORATED
Scene Factory: class com.almasb.fxgl.app.scene.SceneFactory

13:55:46.500 [JavaFX Application Thread] DEBUG FXGLApplication      - Initializing FXGL
13:55:46.503 [JavaFX Application Thread] INFO  Engine               - FXGL-21.1 (27.03.2024 07.52) on WINDOWS (J:21.0.7 FX:21.0.1)
13:55:46.503 [JavaFX Application Thread] DEBUG Engine               - JRE Vendor Name: Eclipse Adoptium
13:55:46.503 [JavaFX Application Thread] DEBUG Engine               - Running on OS: Windows 10 version 10.0
13:55:46.504 [JavaFX Application Thread] DEBUG Engine               - Architecture: amd64
13:55:46.504 [JavaFX Application Thread] INFO  Engine               - Source code and latest versions at: https://github.com/AlmasB/FXGL
13:55:46.504 [JavaFX Application Thread] INFO  Engine               -       Ask questions and discuss at: https://github.com/AlmasB/FXGL/discussions
13:55:46.504 [JavaFX Application Thread] INFO  Engine               -              Join the FXGL chat at: https://gitter.im/AlmasB/FXGL
13:55:46.597 [JavaFX Application Thread] DEBUG PrimaryStageWindow   - Creating a JavaFX scene
13:55:46.639 [JavaFX Application Thread] DEBUG PrimaryStageWindow   - Target settings size: 1280.0 x 720.0
13:55:46.639 [JavaFX Application Thread] DEBUG PrimaryStageWindow   - Scaled scene size:    1280.0 x 720.0
13:55:46.639 [JavaFX Application Thread] DEBUG PrimaryStageWindow   - Scaled ratio: (1.0, 1.0)
13:55:46.640 [JavaFX Application Thread] DEBUG PrimaryStageWindow   - Set initial scene to FXGLStartupScene
13:55:46.643 [JavaFX Application Thread] DEBUG PrimaryStageWindow   - Opening main window
13:55:46.716 [JavaFX Application Thread] DEBUG PrimaryStageWindow   - Window border size: (16.0, 39.0)
13:55:46.716 [JavaFX Application Thread] DEBUG PrimaryStageWindow   - Scaled size: 1280.0 x 720.0
13:55:46.717 [JavaFX Application Thread] DEBUG PrimaryStageWindow   - Scaled ratio: (1.0, 1.0)
13:55:46.717 [JavaFX Application Thread] DEBUG PrimaryStageWindow   - Scene size: 1280.0 x 720.0
13:55:46.717 [JavaFX Application Thread] DEBUG PrimaryStageWindow   - Stage size: 1296.0 x 759.0
13:55:46.724 [FXGL Background Thread 1 ] DEBUG Engine               - Initializing environment variables
13:55:46.769 [FXGL Background Thread 1 ] DEBUG FXGLAssetLoaderServi - User app class for loading assets: class Shapes
13:55:46.770 [FXGL Background Thread 1 ] DEBUG GameApplicationServi - Applying CSS: fxgl_dark.css
13:55:46.770 [FXGL Background Thread 1 ] DEBUG FXGLAssetLoaderServi - Loading from file system: jar:file:/C:/Users/narmstro/.m2/repository/com/github/almasb/fxgl/21.1/fxgl-21.1.jar!/fxglassets/ui/css/fxgl_dark.css
13:55:46.801 [FXGL Background Thread 1 ] DEBUG GameApplicationServi - Initializing application scenes
13:55:46.825 [FXGL Background Thread 1 ] DEBUG GameWorld            - Game world initialized
13:55:46.870 [FXGL Background Thread 1 ] DEBUG PhysicsWorld         - Physics world initialized: appHeight=720, physics.ppm=50.0
13:55:46.870 [FXGL Background Thread 1 ] DEBUG PhysicsWorld         - Using strategy: BRUTE_FORCE
13:55:46.876 [FXGL Background Thread 1 ] DEBUG GameScene            - Game scene initialized: 1280x720
13:55:46.884 [FXGL Background Thread 1 ] DEBUG FXGL.DefaultMenu     - createMenuBodyGameMenu()
13:55:46.895 [FXGL Background Thread 1 ] DEBUG FXGL.DefaultMenu     - createOptionsMenu()
13:55:46.902 [FXGL Background Thread 1 ] DEBUG FXGLAssetLoaderServi - Loading from file system: jar:file:/C:/Users/narmstro/.m2/repository/com/github/almasb/fxgl/21.1/fxgl-21.1.jar!/fxglassets/textures/particles/smoke.png
13:55:46.969 [FXGL Background Thread 1 ] DEBUG FXGLAssetLoaderServi - Loading from file system: jar:file:/C:/Users/narmstro/.m2/repository/com/github/almasb/fxgl/21.1/fxgl-21.1.jar!/fxglassets/textures/particles/trace_horizontal.png
13:55:46.989 [FXGL Background Thread 1 ] DEBUG GameApplicationServi - Application scenes initialized
13:55:46.998 [FXGL Background Thread 1 ] DEBUG SystemBundleService  - Loading FXGL system data
13:55:47.001 [FXGL Background Thread 1 ] DEBUG FileSystemAccess     - Reading from: C:\Users\narmstro\Development\RobotProjects\3DMiniProject\system\fxgl.bundle
13:55:47.008 [FXGL Background Thread 1 ] DEBUG SystemBundleService  - Bundle FXGL: {}
13:55:47.008 [FXGL Background Thread 1 ] DEBUG UpdaterService       - Checking for updates
13:55:47.012 [FXGL Background Thread 4 ] DEBUG FXGLApplication      - Loading fonts
13:55:47.012 [FXGL Background Thread 4 ] DEBUG FXGLAssetLoaderServi - Loading from file system: jar:file:/C:/Users/narmstro/.m2/repository/com/github/almasb/fxgl/21.1/fxgl-21.1.jar!/fxglassets/ui/fonts/VarelaRound-Regular.ttf
13:55:47.013 [FXGL Background Thread 1 ] DEBUG FXGLApplication      - Loading default localization
13:55:47.013 [FXGL Background Thread 1 ] DEBUG FXGLAssetLoaderServi - Loading from file system: jar:file:/C:/Users/narmstro/.m2/repository/com/github/almasb/fxgl/21.1/fxgl-21.1.jar!/fxglassets/languages/english.lang
13:55:47.028 [FXGL Background Thread 1 ] INFO  FXGLApplication      - FXGL initialization took: 0.304 sec
13:55:47.030 [JavaFX Application Thread] DEBUG FXGLAssetLoaderServi - Loading from file system: jar:file:/C:/Users/narmstro/.m2/repository/com/github/almasb/fxgl/21.1/fxgl-21.1.jar!/fxglassets/textures/fxgl_icon.png
13:55:47.049 [JavaFX Application Thread] DEBUG FXGLAssetLoaderServi - Loading from file system: jar:file:/C:/Users/narmstro/.m2/repository/com/github/almasb/fxgl/21.1/fxgl-21.1.jar!/fxglassets/textures/fxgl_default_cursor.png
13:55:47.053 [FXGL Background Thread 4 ] DEBUG FXGLAssetLoaderServi - Loading from file system: jar:file:/C:/Users/narmstro/.m2/repository/com/github/almasb/fxgl/21.1/fxgl-21.1.jar!/fxglassets/ui/fonts/Abel-Regular.ttf
13:55:47.058 [FXGL Background Thread 4 ] DEBUG FXGLAssetLoaderServi - Loading from file system: jar:file:/C:/Users/narmstro/.m2/repository/com/github/almasb/fxgl/21.1/fxgl-21.1.jar!/fxglassets/ui/fonts/TerminalLandMono-Regular.otf
13:55:47.058 [JavaFX Application Thread] DEBUG Input                - Registered new binding: Screenshot - CTRL+8
13:55:47.059 [JavaFX Application Thread] DEBUG Input                - Registered new binding: System info dump - CTRL+9
13:55:47.059 [JavaFX Application Thread] DEBUG Input                - Registered new binding: Restart - CTRL+R
13:55:47.060 [JavaFX Application Thread] DEBUG Input                - Registered new binding: Toggle Debug Camera - CTRL+7
13:55:47.062 [JavaFX Application Thread] DEBUG LoopRunner           - Starting loop
13:55:47.062 [JavaFX Application Thread] DEBUG LoopRunner           - Initializing JavaFX AnimationTimerLoop
13:55:47.063 [FXGL Background Thread 4 ] DEBUG FXGLAssetLoaderServi - Loading from file system: jar:file:/C:/Users/narmstro/.m2/repository/com/github/almasb/fxgl/21.1/fxgl-21.1.jar!/fxglassets/ui/fonts/Courier-Prime.ttf
13:55:47.064 [JavaFX Application Thread] DEBUG GameApplicationServi - Starting new game
13:55:47.064 [JavaFX Application Thread] DEBUG Input                - Clearing active input actions
13:55:47.072 [JavaFX Application Thread] DEBUG GameApplicationServi - Removing overlay from FXGLStartupScene and adding to FXGLLoadingScene
13:55:47.072 [JavaFX Application Thread] DEBUG PrimaryStageWindow   - FXGLStartupScene -> FXGLLoadingScene
13:55:47.072 [JavaFX Application Thread] DEBUG GameApplicationServi - Clearing previous game
13:55:47.072 [JavaFX Application Thread] DEBUG GameScene            - Clearing game scene
13:55:47.072 [JavaFX Application Thread] DEBUG GameWorld            - Clearing game world
13:55:47.072 [JavaFX Application Thread] DEBUG PhysicsWorld         - Clearing physics world
13:55:47.074 [FXGL Background Thread 4 ] DEBUG FXGLApplication      - Initializing game
13:55:47.074 [JavaFX Application Thread] DEBUG FXGLApplication      - Registering font factories with UI factory
13:55:47.075 [FXGL Background Thread 4 ] INFO  FXGLApplication      - Game initialization took: 0.001 sec
13:55:47.075 [JavaFX Application Thread] DEBUG Input                - Clearing active input actions
13:55:47.079 [JavaFX Application Thread] DEBUG GameApplicationServi - Removing overlay from FXGLLoadingScene and adding to GameScene
13:55:47.079 [JavaFX Application Thread] DEBUG PrimaryStageWindow   - FXGLLoadingScene -> GameScene
13:55:48.361 [JavaFX Application Thread] DEBUG FXGLApplication      - Exiting FXGL
13:55:48.361 [JavaFX Application Thread] DEBUG LoopRunner           - Stopping loop
13:55:48.361 [JavaFX Application Thread] DEBUG SystemBundleService  - Saving FXGL system data
13:55:48.364 [JavaFX Application Thread] DEBUG FileSystemAccess     - Writing to: C:\Users\narmstro\Development\RobotProjects\3DMiniProject\system\fxgl.bundle
13:55:48.367 [JavaFX Application Thread] DEBUG Async                - Shutting down background threads
13:55:48.368 [JavaFX Application Thread] DEBUG PrimaryStageWindow   - Closing main window
13:55:48.377 [JavaFX Application Thread] DEBUG Logger               - Closing Logger
